<?xml version="1.0" encoding="UTF-8"?>
<testng-results ignored="0" total="1" passed="1" failed="0" skipped="0">
  <reporter-output>
  </reporter-output>
  <suite started-at="2023-11-30T13:36:46Z" name="Suite" finished-at="2023-11-30T13:36:51Z" duration-ms="5252">
    <groups>
    </groups>
    <test started-at="2023-11-30T13:36:46Z" name="Test" finished-at="2023-11-30T13:36:51Z" duration-ms="5252">
      <class name="com.simplylearn.SwagLabsAutomation.Addingproducttocart">
        <test-method is-config="true" signature="driversetup()[pri:0, instance:com.simplylearn.SwagLabsAutomation.Addingproducttocart@5ef5c734]" started-at="2023-11-30T13:36:46Z" name="driversetup" finished-at="2023-11-30T13:36:48Z" duration-ms="2562" status="PASS">
          <reporter-output>
          </reporter-output>
        </test-method> <!-- driversetup -->
        <test-method signature="addingproducttocart()[pri:0, instance:com.simplylearn.SwagLabsAutomation.Addingproducttocart@5ef5c734]" started-at="2023-11-30T13:36:48Z" name="addingproducttocart" finished-at="2023-11-30T13:36:51Z" duration-ms="2562" status="PASS">
          <reporter-output>
          </reporter-output>
        </test-method> <!-- addingproducttocart -->
        <test-method is-config="true" signature="teardown()[pri:0, instance:com.simplylearn.SwagLabsAutomation.Addingproducttocart@5ef5c734]" started-at="2023-11-30T13:36:51Z" name="teardown" finished-at="2023-11-30T13:36:51Z" duration-ms="102" status="PASS">
          <reporter-output>
          </reporter-output>
        </test-method> <!-- teardown -->
      </class> <!-- com.simplylearn.SwagLabsAutomation.Addingproducttocart -->
    </test> <!-- Test -->
  </suite> <!-- Suite -->
</testng-results>
